Using pre-set license
Built from '2020.3/release' branch; Version is '2020.3.1f1 (77a89f25062f) revision 7841951'; Using compiler version '192528614'; Build Type 'Release'
OS: 'Windows 10 Pro; OS build 19042.1237; Version 2009; 64bit' Language: 'en' Physical Memory: 32716 MB
BatchMode: 1, IsHumanControllingUs: 0, StartBugReporterOnCrash: 0, Is64bit: 1, IsPro: 0

 COMMAND LINE ARGUMENTS:
D:\Unity\2020.3.1f1\Editor\Unity.exe
-adb2
-batchMode
-noUpm
-name
AssetImportWorker0
-projectPath
X:/Back_2_Da_Future/Back_2_Da_Future/New Unity Project
-logFile
Logs/AssetImportWorker0.log
-srvPort
55730
Successfully changed project path to: X:/Back_2_Da_Future/Back_2_Da_Future/New Unity Project
X:/Back_2_Da_Future/Back_2_Da_Future/New Unity Project
Using Asset Import Pipeline V2.
Refreshing native plugins compatible for Editor in 74.36 ms, found 0 plugins.
Preloading 0 native plugins for Editor in 0.00 ms.
Initialize engine version: 2020.3.1f1 (77a89f25062f)
[Subsystems] Discovering subsystems at path D:/Unity/2020.3.1f1/Editor/Data/Resources/UnitySubsystems
[Subsystems] Discovering subsystems at path X:/Back_2_Da_Future/Back_2_Da_Future/New Unity Project/Assets
GfxDevice: creating device client; threaded=0
Direct3D:
    Version:  Direct3D 11.0 [level 11.1]
    Renderer: AMD Radeon RX 6700 XT (ID=0x73df)
    Vendor:   
    VRAM:     12243 MB
    Driver:   27.20.22001.14011
Initialize mono
Mono path[0] = 'D:/Unity/2020.3.1f1/Editor/Data/Managed'
Mono path[1] = 'D:/Unity/2020.3.1f1/Editor/Data/MonoBleedingEdge/lib/mono/unityjit'
Mono config path = 'D:/Unity/2020.3.1f1/Editor/Data/MonoBleedingEdge/etc'
Using monoOptions --debugger-agent=transport=dt_socket,embedding=1,server=y,suspend=n,address=127.0.0.1:56564
Begin MonoManager ReloadAssembly
Registering precompiled unity dll's ...
Register platform support module: D:/Unity/2020.3.1f1/Editor/Data/PlaybackEngines/WebGLSupport/UnityEditor.WebGL.Extensions.dll
Register platform support module: D:/Unity/2020.3.1f1/Editor/Data/PlaybackEngines/WindowsStandaloneSupport/UnityEditor.WindowsStandalone.Extensions.dll
Registered in 0.009895 seconds.
Native extension for WindowsStandalone target not found
Native extension for WebGL target not found
Refreshing native plugins compatible for Editor in 71.25 ms, found 0 plugins.
Preloading 0 native plugins for Editor in 0.00 ms.
Invoked RoslynAnalysisRunner static constructor.
RoslynAnalysisRunner will not be running.
RoslynAnalysisRunner has terminated.
Mono: successfully reloaded assembly
- Completed reload, in  4.178 seconds
Platform modules already initialized, skipping
Registering precompiled user dll's ...
Registered in 0.002791 seconds.
Begin MonoManager ReloadAssembly
Native extension for WindowsStandalone target not found
Native extension for WebGL target not found
Refreshing native plugins compatible for Editor in 75.00 ms, found 0 plugins.
Preloading 0 native plugins for Editor in 0.00 ms.
Invoked RoslynAnalysisRunner static constructor.
RoslynAnalysisRunner will not be running.
RoslynAnalysisRunner has terminated.
Mono: successfully reloaded assembly
- Completed reload, in  1.243 seconds
Platform modules already initialized, skipping
========================================================================
Worker process is ready to serve import requests
Launched and connected shader compiler UnityShaderCompiler.exe after 0.06 seconds
Refreshing native plugins compatible for Editor in 1.05 ms, found 0 plugins.
Preloading 0 native plugins for Editor in 0.00 ms.
Unloading 1600 Unused Serialized files (Serialized files now loaded: 0)
System memory in use before: 81.8 MB.
System memory in use after: 81.3 MB.

Unloading 18 unused Assets to reduce memory usage. Loaded Objects now: 2047.
Total: 2.886200 ms (FindLiveObjects: 0.227900 ms CreateObjectMapping: 0.042800 ms MarkObjects: 2.150700 ms  DeleteObjects: 0.463300 ms)

========================================================================
Received Import Request.
  path: Assets/_3dModels/bttf_chars/Marty McFly/MartyMcFly.obj
  artifactKey: Guid(e26d87d937a73f843b647caad7bddb51) Importer(815301076,1909f56bfc062723c751e8b465ee728b)
Start importing Assets/_3dModels/bttf_chars/Marty McFly/MartyMcFly.obj using Guid(e26d87d937a73f843b647caad7bddb51) Importer(815301076,1909f56bfc062723c751e8b465ee728b)  -> (artifact id: '22e87c453b28a9fe327ec87919b93947') in 0.235936 seconds
  Import took 0.239748 seconds .

========================================================================
Received Import Request.
  Time since last request: 1.833396 seconds.
  path: Assets/_3dModels/bttf_chars/Marty McFly/MartyMcFly.obj
  artifactKey: Guid(e26d87d937a73f843b647caad7bddb51) Importer(815301076,1909f56bfc062723c751e8b465ee728b)
Start importing Assets/_3dModels/bttf_chars/Marty McFly/MartyMcFly.obj using Guid(e26d87d937a73f843b647caad7bddb51) Importer(815301076,1909f56bfc062723c751e8b465ee728b)  -> (artifact id: '22e87c453b28a9fe327ec87919b93947') in 0.031181 seconds
  Import took 0.034631 seconds .

========================================================================
Received Prepare
Registering precompiled user dll's ...
Registered in 0.003123 seconds.
Begin MonoManager ReloadAssembly
Native extension for WindowsStandalone target not found
Native extension for WebGL target not found
Refreshing native plugins compatible for Editor in 0.65 ms, found 0 plugins.
Preloading 0 native plugins for Editor in 0.00 ms.
Invoked RoslynAnalysisRunner static constructor.
RoslynAnalysisRunner will not be running.
RoslynAnalysisRunner has terminated.
Mono: successfully reloaded assembly
- Completed reload, in  1.160 seconds
Platform modules already initialized, skipping
Refreshing native plugins compatible for Editor in 0.97 ms, found 0 plugins.
Preloading 0 native plugins for Editor in 0.00 ms.
Unloading 1586 Unused Serialized files (Serialized files now loaded: 0)
System memory in use before: 84.7 MB.
System memory in use after: 84.2 MB.

Unloading 11 unused Assets to reduce memory usage. Loaded Objects now: 2093.
Total: 3.088700 ms (FindLiveObjects: 0.202200 ms CreateObjectMapping: 0.039500 ms MarkObjects: 2.384500 ms  DeleteObjects: 0.461200 ms)

========================================================================
Received Prepare
Registering precompiled user dll's ...
Registered in 0.003081 seconds.
Begin MonoManager ReloadAssembly
Native extension for WindowsStandalone target not found
Native extension for WebGL target not found
Refreshing native plugins compatible for Editor in 0.65 ms, found 0 plugins.
Preloading 0 native plugins for Editor in 0.00 ms.
Invoked RoslynAnalysisRunner static constructor.
RoslynAnalysisRunner will not be running.
RoslynAnalysisRunner has terminated.
Mono: successfully reloaded assembly
- Completed reload, in  1.103 seconds
Platform modules already initialized, skipping
Refreshing native plugins compatible for Editor in 0.69 ms, found 0 plugins.
Preloading 0 native plugins for Editor in 0.00 ms.
Unloading 1586 Unused Serialized files (Serialized files now loaded: 0)
System memory in use before: 84.7 MB.
System memory in use after: 84.2 MB.

Unloading 11 unused Assets to reduce memory usage. Loaded Objects now: 2096.
Total: 2.880800 ms (FindLiveObjects: 0.235200 ms CreateObjectMapping: 0.038900 ms MarkObjects: 2.140500 ms  DeleteObjects: 0.464000 ms)

========================================================================
Received Prepare
Registering precompiled user dll's ...
Registered in 0.002857 seconds.
Begin MonoManager ReloadAssembly
Native extension for WindowsStandalone target not found
Native extension for WebGL target not found
Refreshing native plugins compatible for Editor in 0.70 ms, found 0 plugins.
Preloading 0 native plugins for Editor in 0.00 ms.
Invoked RoslynAnalysisRunner static constructor.
RoslynAnalysisRunner will not be running.
RoslynAnalysisRunner has terminated.
Mono: successfully reloaded assembly
- Completed reload, in  1.247 seconds
Platform modules already initialized, skipping
Refreshing native plugins compatible for Editor in 0.76 ms, found 0 plugins.
Preloading 0 native plugins for Editor in 0.00 ms.
Unloading 1586 Unused Serialized files (Serialized files now loaded: 0)
System memory in use before: 84.7 MB.
System memory in use after: 84.2 MB.

Unloading 11 unused Assets to reduce memory usage. Loaded Objects now: 2099.
Total: 2.933700 ms (FindLiveObjects: 0.241500 ms CreateObjectMapping: 0.039900 ms MarkObjects: 2.158100 ms  DeleteObjects: 0.492600 ms)

========================================================================
Received Prepare
Registering precompiled user dll's ...
Registered in 0.003830 seconds.
Begin MonoManager ReloadAssembly
Native extension for WindowsStandalone target not found
Native extension for WebGL target not found
Refreshing native plugins compatible for Editor in 0.80 ms, found 0 plugins.
Preloading 0 native plugins for Editor in 0.00 ms.
Invoked RoslynAnalysisRunner static constructor.
RoslynAnalysisRunner will not be running.
RoslynAnalysisRunner has terminated.
Mono: successfully reloaded assembly
- Completed reload, in  1.103 seconds
Platform modules already initialized, skipping
Refreshing native plugins compatible for Editor in 0.68 ms, found 0 plugins.
Preloading 0 native plugins for Editor in 0.00 ms.
Unloading 1586 Unused Serialized files (Serialized files now loaded: 0)
System memory in use before: 84.7 MB.
System memory in use after: 84.2 MB.

Unloading 11 unused Assets to reduce memory usage. Loaded Objects now: 2102.
Total: 2.830300 ms (FindLiveObjects: 0.215100 ms CreateObjectMapping: 0.039200 ms MarkObjects: 2.093200 ms  DeleteObjects: 0.481500 ms)

========================================================================
Received Import Request.
  Time since last request: 490.634800 seconds.
  path: Assets/_Scenes/char_move_2.unity
  artifactKey: Guid(f3d10de078db45e48afb6d0ec25c6dda) Importer(815301076,1909f56bfc062723c751e8b465ee728b)
Start importing Assets/_Scenes/char_move_2.unity using Guid(f3d10de078db45e48afb6d0ec25c6dda) Importer(815301076,1909f56bfc062723c751e8b465ee728b)  -> (artifact id: 'dad1ebb57ddc3fe65b99e7ab6f8de22d') in 0.021118 seconds
  Import took 0.024660 seconds .

========================================================================
Received Prepare
Registering precompiled user dll's ...
Registered in 0.002771 seconds.
Begin MonoManager ReloadAssembly
Native extension for WindowsStandalone target not found
Native extension for WebGL target not found
Refreshing native plugins compatible for Editor in 0.69 ms, found 0 plugins.
Preloading 0 native plugins for Editor in 0.00 ms.
Invoked RoslynAnalysisRunner static constructor.
RoslynAnalysisRunner will not be running.
RoslynAnalysisRunner has terminated.
Mono: successfully reloaded assembly
- Completed reload, in  1.088 seconds
Platform modules already initialized, skipping
Refreshing native plugins compatible for Editor in 0.67 ms, found 0 plugins.
Preloading 0 native plugins for Editor in 0.00 ms.
Unloading 1586 Unused Serialized files (Serialized files now loaded: 0)
System memory in use before: 84.8 MB.
System memory in use after: 84.3 MB.

Unloading 11 unused Assets to reduce memory usage. Loaded Objects now: 2105.
Total: 3.027700 ms (FindLiveObjects: 0.211800 ms CreateObjectMapping: 0.042900 ms MarkObjects: 2.227200 ms  DeleteObjects: 0.544600 ms)

========================================================================
Received Import Request.
  Time since last request: 67.116173 seconds.
  path: Assets/_Scenes
  artifactKey: Guid(753c890e1200d824e886d264b8389f0a) Importer(815301076,1909f56bfc062723c751e8b465ee728b)
Start importing Assets/_Scenes using Guid(753c890e1200d824e886d264b8389f0a) Importer(815301076,1909f56bfc062723c751e8b465ee728b)  -> (artifact id: 'edf8ac5e140a11ad1d3b78a768664ad7') in 0.014179 seconds
  Import took 0.017712 seconds .

========================================================================
Received Import Request.
  Time since last request: 1.364409 seconds.
  path: Assets/_Scenes/char_move_2.unity
  artifactKey: Guid(f3d10de078db45e48afb6d0ec25c6dda) Importer(815301076,1909f56bfc062723c751e8b465ee728b)
Start importing Assets/_Scenes/char_move_2.unity using Guid(f3d10de078db45e48afb6d0ec25c6dda) Importer(815301076,1909f56bfc062723c751e8b465ee728b)  -> (artifact id: '5022a4e55f6310fc0b286cced908e469') in 0.011029 seconds
  Import took 0.014352 seconds .

========================================================================
Received Prepare
Registering precompiled user dll's ...
Registered in 0.002771 seconds.
Begin MonoManager ReloadAssembly
Native extension for WindowsStandalone target not found
Native extension for WebGL target not found
Refreshing native plugins compatible for Editor in 0.66 ms, found 0 plugins.
Preloading 0 native plugins for Editor in 0.00 ms.
Invoked RoslynAnalysisRunner static constructor.
RoslynAnalysisRunner will not be running.
RoslynAnalysisRunner has terminated.
Mono: successfully reloaded assembly
- Completed reload, in  1.209 seconds
Platform modules already initialized, skipping
Refreshing native plugins compatible for Editor in 1.10 ms, found 0 plugins.
Preloading 0 native plugins for Editor in 0.00 ms.
Unloading 1586 Unused Serialized files (Serialized files now loaded: 0)
System memory in use before: 84.8 MB.
System memory in use after: 84.3 MB.

Unloading 11 unused Assets to reduce memory usage. Loaded Objects now: 2108.
Total: 3.405200 ms (FindLiveObjects: 0.278200 ms CreateObjectMapping: 0.042100 ms MarkObjects: 2.338200 ms  DeleteObjects: 0.745000 ms)

========================================================================
Received Prepare
Registering precompiled user dll's ...
Registered in 0.002730 seconds.
Begin MonoManager ReloadAssembly
Native extension for WindowsStandalone target not found
Native extension for WebGL target not found
Refreshing native plugins compatible for Editor in 0.65 ms, found 0 plugins.
Preloading 0 native plugins for Editor in 0.00 ms.
Invoked RoslynAnalysisRunner static constructor.
RoslynAnalysisRunner will not be running.
RoslynAnalysisRunner has terminated.
Mono: successfully reloaded assembly
- Completed reload, in  1.105 seconds
Platform modules already initialized, skipping
Refreshing native plugins compatible for Editor in 0.68 ms, found 0 plugins.
Preloading 0 native plugins for Editor in 0.00 ms.
Unloading 1586 Unused Serialized files (Serialized files now loaded: 0)
System memory in use before: 84.8 MB.
System memory in use after: 84.3 MB.

Unloading 11 unused Assets to reduce memory usage. Loaded Objects now: 2111.
Total: 2.681800 ms (FindLiveObjects: 0.211000 ms CreateObjectMapping: 0.039400 ms MarkObjects: 1.948900 ms  DeleteObjects: 0.481500 ms)

========================================================================
Received Prepare
Refreshing native plugins compatible for Editor in 2.66 ms, found 0 plugins.
Preloading 0 native plugins for Editor in 0.00 ms.
Unloading 8 Unused Serialized files (Serialized files now loaded: 0)
System memory in use before: 53.5 MB.
System memory in use after: 53.0 MB.

Unloading 8 unused Assets to reduce memory usage. Loaded Objects now: 2111.
Total: 3.515800 ms (FindLiveObjects: 0.247400 ms CreateObjectMapping: 0.039500 ms MarkObjects: 2.712900 ms  DeleteObjects: 0.514100 ms)

========================================================================
Received Prepare
Registering precompiled user dll's ...
Registered in 0.003030 seconds.
Begin MonoManager ReloadAssembly
Native extension for WindowsStandalone target not found
Native extension for WebGL target not found
Refreshing native plugins compatible for Editor in 0.73 ms, found 0 plugins.
Preloading 0 native plugins for Editor in 0.00 ms.
Invoked RoslynAnalysisRunner static constructor.
RoslynAnalysisRunner will not be running.
RoslynAnalysisRunner has terminated.
Mono: successfully reloaded assembly
- Completed reload, in  1.178 seconds
Platform modules already initialized, skipping
Refreshing native plugins compatible for Editor in 0.82 ms, found 0 plugins.
Preloading 0 native plugins for Editor in 0.00 ms.
Unloading 1628 Unused Serialized files (Serialized files now loaded: 0)
System memory in use before: 86.0 MB.
System memory in use after: 85.5 MB.

Unloading 11 unused Assets to reduce memory usage. Loaded Objects now: 2156.
Total: 3.287300 ms (FindLiveObjects: 0.341100 ms CreateObjectMapping: 0.066700 ms MarkObjects: 2.385400 ms  DeleteObjects: 0.492700 ms)

========================================================================
Received Prepare
Registering precompiled user dll's ...
Registered in 0.003052 seconds.
Begin MonoManager ReloadAssembly
Native extension for WindowsStandalone target not found
Native extension for WebGL target not found
Refreshing native plugins compatible for Editor in 0.92 ms, found 0 plugins.
Preloading 0 native plugins for Editor in 0.00 ms.
Invoked RoslynAnalysisRunner static constructor.
RoslynAnalysisRunner will not be running.
RoslynAnalysisRunner has terminated.
Mono: successfully reloaded assembly
- Completed reload, in  1.208 seconds
Platform modules already initialized, skipping
Refreshing native plugins compatible for Editor in 0.91 ms, found 0 plugins.
Preloading 0 native plugins for Editor in 0.00 ms.
Unloading 1629 Unused Serialized files (Serialized files now loaded: 0)
System memory in use before: 86.0 MB.
System memory in use after: 85.5 MB.

Unloading 11 unused Assets to reduce memory usage. Loaded Objects now: 2160.
Total: 2.955900 ms (FindLiveObjects: 0.361000 ms CreateObjectMapping: 0.066700 ms MarkObjects: 2.016700 ms  DeleteObjects: 0.509600 ms)

========================================================================
Received Prepare
Registering precompiled user dll's ...
Registered in 0.002882 seconds.
Begin MonoManager ReloadAssembly
Native extension for WindowsStandalone target not found
Native extension for WebGL target not found
Refreshing native plugins compatible for Editor in 0.82 ms, found 0 plugins.
Preloading 0 native plugins for Editor in 0.00 ms.
Invoked RoslynAnalysisRunner static constructor.
RoslynAnalysisRunner will not be running.
RoslynAnalysisRunner has terminated.
Mono: successfully reloaded assembly
- Completed reload, in  1.124 seconds
Platform modules already initialized, skipping
Refreshing native plugins compatible for Editor in 0.92 ms, found 0 plugins.
Preloading 0 native plugins for Editor in 0.00 ms.
Unloading 1638 Unused Serialized files (Serialized files now loaded: 0)
System memory in use before: 86.4 MB.
System memory in use after: 85.9 MB.

Unloading 12 unused Assets to reduce memory usage. Loaded Objects now: 2171.
Total: 2.878600 ms (FindLiveObjects: 0.288800 ms CreateObjectMapping: 0.040600 ms MarkObjects: 1.962000 ms  DeleteObjects: 0.585900 ms)

========================================================================
Received Import Request.
  Time since last request: 7320.689989 seconds.
  path: Assets/_Scenes/char_move_2.unity
  artifactKey: Guid(f3d10de078db45e48afb6d0ec25c6dda) Importer(815301076,1909f56bfc062723c751e8b465ee728b)
Start importing Assets/_Scenes/char_move_2.unity using Guid(f3d10de078db45e48afb6d0ec25c6dda) Importer(815301076,1909f56bfc062723c751e8b465ee728b)  -> (artifact id: '48bf0361ad72b71421aa7100615a69c1') in 0.132427 seconds
  Import took 0.213344 seconds .

========================================================================
Received Import Request.
  Time since last request: 211.488562 seconds.
  path: Assets/Kevin Iglesias/Basic Motions/Models/BasicMotionsDummyModel.fbx
  artifactKey: Guid(5917c0e93d180a842b61d1ebc62a195c) Importer(815301076,1909f56bfc062723c751e8b465ee728b)
Start importing Assets/Kevin Iglesias/Basic Motions/Models/BasicMotionsDummyModel.fbx using Guid(5917c0e93d180a842b61d1ebc62a195c) Importer(815301076,1909f56bfc062723c751e8b465ee728b)  -> (artifact id: '77bc137a090c64ecf9abf22323cc43b9') in 0.235177 seconds
  Import took 0.239461 seconds .

========================================================================
Received Prepare
Registering precompiled user dll's ...
Registered in 0.003964 seconds.
Begin MonoManager ReloadAssembly
Native extension for WindowsStandalone target not found
Native extension for WebGL target not found
Refreshing native plugins compatible for Editor in 0.97 ms, found 0 plugins.
Preloading 0 native plugins for Editor in 0.00 ms.
Invoked RoslynAnalysisRunner static constructor.
RoslynAnalysisRunner will not be running.
RoslynAnalysisRunner has terminated.
Mono: successfully reloaded assembly
- Completed reload, in  1.356 seconds
Platform modules already initialized, skipping
Refreshing native plugins compatible for Editor in 0.86 ms, found 0 plugins.
Preloading 0 native plugins for Editor in 0.00 ms.
Unloading 1639 Unused Serialized files (Serialized files now loaded: 0)
System memory in use before: 101.2 MB.
System memory in use after: 100.6 MB.

Unloading 13 unused Assets to reduce memory usage. Loaded Objects now: 2325.
Total: 3.061100 ms (FindLiveObjects: 0.249800 ms CreateObjectMapping: 0.045100 ms MarkObjects: 2.318200 ms  DeleteObjects: 0.446600 ms)

========================================================================
Received Prepare
Registering precompiled user dll's ...
Registered in 0.004733 seconds.
Begin MonoManager ReloadAssembly
Native extension for WindowsStandalone target not found
Native extension for WebGL target not found
Refreshing native plugins compatible for Editor in 2.19 ms, found 0 plugins.
Preloading 0 native plugins for Editor in 0.00 ms.
Invoked RoslynAnalysisRunner static constructor.
RoslynAnalysisRunner will not be running.
RoslynAnalysisRunner has terminated.
Mono: successfully reloaded assembly
- Completed reload, in  1.626 seconds
Platform modules already initialized, skipping
Refreshing native plugins compatible for Editor in 1.33 ms, found 0 plugins.
Preloading 0 native plugins for Editor in 0.00 ms.
Unloading 1639 Unused Serialized files (Serialized files now loaded: 0)
System memory in use before: 101.2 MB.
System memory in use after: 100.6 MB.

Unloading 13 unused Assets to reduce memory usage. Loaded Objects now: 2328.
Total: 4.284900 ms (FindLiveObjects: 0.361300 ms CreateObjectMapping: 0.066700 ms MarkObjects: 3.144200 ms  DeleteObjects: 0.710700 ms)

========================================================================
Received Import Request.
  Time since last request: 550.446230 seconds.
  path: Assets/StarterAssets/FirstPersonController/Scenes
  artifactKey: Guid(560d37d8517c937418f56f4db8462f7f) Importer(815301076,1909f56bfc062723c751e8b465ee728b)
Start importing Assets/StarterAssets/FirstPersonController/Scenes using Guid(560d37d8517c937418f56f4db8462f7f) Importer(815301076,1909f56bfc062723c751e8b465ee728b)  -> (artifact id: 'f61530db662d52af6a50cae6a9e1cc68') in 0.013182 seconds
  Import took 0.017043 seconds .

========================================================================
Received Import Request.
  Time since last request: 0.000553 seconds.
  path: Assets/StarterAssets/FirstPersonController/Scenes
  artifactKey: Guid(560d37d8517c937418f56f4db8462f7f) Importer(815301076,1909f56bfc062723c751e8b465ee728b)
Start importing Assets/StarterAssets/FirstPersonController/Scenes using Guid(560d37d8517c937418f56f4db8462f7f) Importer(815301076,1909f56bfc062723c751e8b465ee728b)  -> (artifact id: 'f61530db662d52af6a50cae6a9e1cc68') in 0.003951 seconds
  Import took 0.007664 seconds .

========================================================================
Received Import Request.
  Time since last request: 1.409651 seconds.
  path: Assets/StarterAssets/FirstPersonController/Scenes/Playground.unity
  artifactKey: Guid(707acc8dffb72b144bb1ffbe1c965f3d) Importer(815301076,1909f56bfc062723c751e8b465ee728b)
Start importing Assets/StarterAssets/FirstPersonController/Scenes/Playground.unity using Guid(707acc8dffb72b144bb1ffbe1c965f3d) Importer(815301076,1909f56bfc062723c751e8b465ee728b)  -> (artifact id: 'fef75bd95daa6f91e54a31b062cb87ec') in 0.019919 seconds
  Import took 0.023495 seconds .

========================================================================
Received Prepare
Registering precompiled user dll's ...
Registered in 0.003860 seconds.
Begin MonoManager ReloadAssembly
Native extension for WindowsStandalone target not found
Native extension for WebGL target not found
Refreshing native plugins compatible for Editor in 1.64 ms, found 0 plugins.
Preloading 0 native plugins for Editor in 0.00 ms.
Invoked RoslynAnalysisRunner static constructor.
RoslynAnalysisRunner will not be running.
RoslynAnalysisRunner has terminated.
Mono: successfully reloaded assembly
- Completed reload, in  1.289 seconds
Platform modules already initialized, skipping
Refreshing native plugins compatible for Editor in 0.92 ms, found 0 plugins.
Preloading 0 native plugins for Editor in 0.00 ms.
Unloading 1639 Unused Serialized files (Serialized files now loaded: 0)
System memory in use before: 101.1 MB.
System memory in use after: 100.6 MB.

Unloading 13 unused Assets to reduce memory usage. Loaded Objects now: 2331.
Total: 3.571100 ms (FindLiveObjects: 0.254100 ms CreateObjectMapping: 0.045000 ms MarkObjects: 2.629000 ms  DeleteObjects: 0.641300 ms)

========================================================================
Received Prepare
Registering precompiled user dll's ...
Registered in 0.003844 seconds.
Begin MonoManager ReloadAssembly
Native extension for WindowsStandalone target not found
Native extension for WebGL target not found
Refreshing native plugins compatible for Editor in 0.94 ms, found 0 plugins.
Preloading 0 native plugins for Editor in 0.00 ms.
Invoked RoslynAnalysisRunner static constructor.
RoslynAnalysisRunner will not be running.
RoslynAnalysisRunner has terminated.
Mono: successfully reloaded assembly
- Completed reload, in  1.223 seconds
Platform modules already initialized, skipping
Refreshing native plugins compatible for Editor in 0.90 ms, found 0 plugins.
Preloading 0 native plugins for Editor in 0.00 ms.
Unloading 1658 Unused Serialized files (Serialized files now loaded: 0)
System memory in use before: 101.6 MB.
System memory in use after: 101.1 MB.

Unloading 13 unused Assets to reduce memory usage. Loaded Objects now: 2353.
Total: 2.980700 ms (FindLiveObjects: 0.329600 ms CreateObjectMapping: 0.048300 ms MarkObjects: 2.068600 ms  DeleteObjects: 0.532000 ms)

========================================================================
Received Prepare
Registering precompiled user dll's ...
Registered in 0.003521 seconds.
Begin MonoManager ReloadAssembly
Native extension for WindowsStandalone target not found
Native extension for WebGL target not found
Refreshing native plugins compatible for Editor in 0.91 ms, found 0 plugins.
Preloading 0 native plugins for Editor in 0.00 ms.
Invoked RoslynAnalysisRunner static constructor.
RoslynAnalysisRunner will not be running.
RoslynAnalysisRunner has terminated.
Mono: successfully reloaded assembly
- Completed reload, in  1.203 seconds
Platform modules already initialized, skipping
Refreshing native plugins compatible for Editor in 0.85 ms, found 0 plugins.
Preloading 0 native plugins for Editor in 0.00 ms.
Unloading 1661 Unused Serialized files (Serialized files now loaded: 0)
System memory in use before: 101.7 MB.
System memory in use after: 101.2 MB.

Unloading 13 unused Assets to reduce memory usage. Loaded Objects now: 2359.
Total: 3.046700 ms (FindLiveObjects: 0.227800 ms CreateObjectMapping: 0.044500 ms MarkObjects: 2.242000 ms  DeleteObjects: 0.531300 ms)

========================================================================
Received Import Request.
  Time since last request: 8363.813461 seconds.
  path: Assets/sFuture Modules/Prefabs
  artifactKey: Guid(a5233c54d8807994dbcb4fa86b0f073a) Importer(815301076,1909f56bfc062723c751e8b465ee728b)
Start importing Assets/sFuture Modules/Prefabs using Guid(a5233c54d8807994dbcb4fa86b0f073a) Importer(815301076,1909f56bfc062723c751e8b465ee728b)  -> (artifact id: '66a9e9547b140e4a7d6da0474d1b60d2') in 0.016577 seconds
  Import took 0.045508 seconds .

========================================================================
Received Import Request.
  Time since last request: 0.086685 seconds.
  path: Assets/sFuture Modules/Prefabs
  artifactKey: Guid(a5233c54d8807994dbcb4fa86b0f073a) Importer(815301076,1909f56bfc062723c751e8b465ee728b)
Start importing Assets/sFuture Modules/Prefabs using Guid(a5233c54d8807994dbcb4fa86b0f073a) Importer(815301076,1909f56bfc062723c751e8b465ee728b)  -> (artifact id: '66a9e9547b140e4a7d6da0474d1b60d2') in 0.004809 seconds
  Import took 0.024812 seconds .

========================================================================
Received Import Request.
  Time since last request: 1.140250 seconds.
  path: Assets/sFuture Modules/Prefabs/Panel 1x1 Hollow.prefab
  artifactKey: Guid(a641cfe3077db924297063a6022bb5fb) Importer(815301076,1909f56bfc062723c751e8b465ee728b)
Start importing Assets/sFuture Modules/Prefabs/Panel 1x1 Hollow.prefab using Guid(a641cfe3077db924297063a6022bb5fb) Importer(815301076,1909f56bfc062723c751e8b465ee728b)  -> (artifact id: 'f059b7f7866ac0217f2da2e27ebac584') in 1.400528 seconds
  Import took 1.405874 seconds .

========================================================================
Received Import Request.
  Time since last request: 0.023842 seconds.
  path: Assets/sFuture Modules/Prefabs/Panel 1x1 Hollow.prefab
  artifactKey: Guid(a641cfe3077db924297063a6022bb5fb) Importer(815301076,1909f56bfc062723c751e8b465ee728b)
Start importing Assets/sFuture Modules/Prefabs/Panel 1x1 Hollow.prefab using Guid(a641cfe3077db924297063a6022bb5fb) Importer(815301076,1909f56bfc062723c751e8b465ee728b)  -> (artifact id: 'f059b7f7866ac0217f2da2e27ebac584') in 0.055349 seconds
  Import took 0.060587 seconds .

========================================================================
Received Import Request.
  Time since last request: 0.178682 seconds.
  path: Assets/sFuture Modules/Prefabs/Ramp complete.prefab
  artifactKey: Guid(44da3d924197675468dbaef1bba097e8) Importer(815301076,1909f56bfc062723c751e8b465ee728b)
Start importing Assets/sFuture Modules/Prefabs/Ramp complete.prefab using Guid(44da3d924197675468dbaef1bba097e8) Importer(815301076,1909f56bfc062723c751e8b465ee728b)  -> (artifact id: '7a77e9b466d8a43ccc80c057fc492355') in 0.611921 seconds
  Import took 0.634269 seconds .

========================================================================
Received Import Request.
  Time since last request: 0.439001 seconds.
  path: Assets/sFuture Modules/Prefabs/Pressureseal 1x.prefab
  artifactKey: Guid(dc0718054721a1f459bb299235d14775) Importer(815301076,1909f56bfc062723c751e8b465ee728b)
Start importing Assets/sFuture Modules/Prefabs/Pressureseal 1x.prefab using Guid(dc0718054721a1f459bb299235d14775) Importer(815301076,1909f56bfc062723c751e8b465ee728b)  -> (artifact id: '4505c67a784aa11130e19af68ec286f9') in 0.058585 seconds
  Import took 0.067973 seconds .

========================================================================
Received Import Request.
  Time since last request: 0.002196 seconds.
  path: Assets/sFuture Modules/Prefabs/Pressureseal 1x.prefab
  artifactKey: Guid(dc0718054721a1f459bb299235d14775) Importer(815301076,1909f56bfc062723c751e8b465ee728b)
Start importing Assets/sFuture Modules/Prefabs/Pressureseal 1x.prefab using Guid(dc0718054721a1f459bb299235d14775) Importer(815301076,1909f56bfc062723c751e8b465ee728b)  -> (artifact id: '4505c67a784aa11130e19af68ec286f9') in 0.058201 seconds
  Import took 0.063755 seconds .

========================================================================
Received Import Request.
  Time since last request: 2.815449 seconds.
  path: Assets/sFuture Modules/Models/Ramp fence.FBX
  artifactKey: Guid(c24ff4b6de3847944926eb983ca24bfc) Importer(815301076,1909f56bfc062723c751e8b465ee728b)
Start importing Assets/sFuture Modules/Models/Ramp fence.FBX using Guid(c24ff4b6de3847944926eb983ca24bfc) Importer(815301076,1909f56bfc062723c751e8b465ee728b)  -> (artifact id: '7584df75ff79a18901dccb3904f765e1') in 0.084017 seconds
  Import took 0.089082 seconds .

========================================================================
Received Import Request.
  Time since last request: 2.192797 seconds.
  path: Assets/sFuture Modules/Models/Fence.FBX
  artifactKey: Guid(4edfda0067150cc48986b76f7e4b5f07) Importer(815301076,1909f56bfc062723c751e8b465ee728b)
Start importing Assets/sFuture Modules/Models/Fence.FBX using Guid(4edfda0067150cc48986b76f7e4b5f07) Importer(815301076,1909f56bfc062723c751e8b465ee728b)  -> (artifact id: '62ded280229e32d2136753685f16a296') in 0.063538 seconds
  Import took 0.082606 seconds .

========================================================================
Received Import Request.
  Time since last request: 8.572399 seconds.
  path: Assets/sFuture Modules/Models/panel 1x1 Plain.fbx
  artifactKey: Guid(eeae0f9231361b7408a1fe99213bc0e4) Importer(815301076,1909f56bfc062723c751e8b465ee728b)
Start importing Assets/sFuture Modules/Models/panel 1x1 Plain.fbx using Guid(eeae0f9231361b7408a1fe99213bc0e4) Importer(815301076,1909f56bfc062723c751e8b465ee728b)  -> (artifact id: 'fc22ccccc2c49e32f7c464e2df9a0c15') in 0.044397 seconds
  Import took 0.068129 seconds .

========================================================================
Received Import Request.
  Time since last request: 0.469321 seconds.
  path: Assets/sFuture Modules/Models/Ramp.FBX
  artifactKey: Guid(fb117dbdf6ea7e44b91cb5393f7e5597) Importer(815301076,1909f56bfc062723c751e8b465ee728b)
Start importing Assets/sFuture Modules/Models/Ramp.FBX using Guid(fb117dbdf6ea7e44b91cb5393f7e5597) Importer(815301076,1909f56bfc062723c751e8b465ee728b)  -> (artifact id: '445b7f5d5dac8d3e801285924e6827c3') in 0.038870 seconds
  Import took 0.059708 seconds .

========================================================================
Received Import Request.
  Time since last request: 5.592942 seconds.
  path: Assets/RigidbodyExtension/Example
  artifactKey: Guid(39044ca32ae6614439ad2d6de410b3bc) Importer(815301076,1909f56bfc062723c751e8b465ee728b)
Start importing Assets/RigidbodyExtension/Example using Guid(39044ca32ae6614439ad2d6de410b3bc) Importer(815301076,1909f56bfc062723c751e8b465ee728b)  -> (artifact id: '9f14371f153ad9d3b0da459e7fcdeaa7') in 0.010460 seconds
  Import took 0.026135 seconds .

========================================================================
Received Import Request.
  Time since last request: 7.838160 seconds.
  path: Assets/RigidbodyExtension/Example/scene.unity
  artifactKey: Guid(ec7df3393c18f4c44a10f2496f41ee5b) Importer(815301076,1909f56bfc062723c751e8b465ee728b)
Start importing Assets/RigidbodyExtension/Example/scene.unity using Guid(ec7df3393c18f4c44a10f2496f41ee5b) Importer(815301076,1909f56bfc062723c751e8b465ee728b)  -> (artifact id: '5887d54110d69d0fc87644148ffd813e') in 0.009391 seconds
  Import took 0.032535 seconds .

========================================================================
Received Import Request.
  Time since last request: 39.926211 seconds.
  path: Assets/Colt Python/pyhton_prefab.prefab
  artifactKey: Guid(b682fd822fb36d344b794e00dcf92f51) Importer(815301076,1909f56bfc062723c751e8b465ee728b)
Start importing Assets/Colt Python/pyhton_prefab.prefab using Guid(b682fd822fb36d344b794e00dcf92f51) Importer(815301076,1909f56bfc062723c751e8b465ee728b)  -> (artifact id: '3b80999173964dbefd1bebbadd502fcb') in 0.640012 seconds
  Import took 0.661123 seconds .

========================================================================
Received Import Request.
  Time since last request: 0.001875 seconds.
  path: Assets/Colt Python/pyhton_prefab.prefab
  artifactKey: Guid(b682fd822fb36d344b794e00dcf92f51) Importer(815301076,1909f56bfc062723c751e8b465ee728b)
Start importing Assets/Colt Python/pyhton_prefab.prefab using Guid(b682fd822fb36d344b794e00dcf92f51) Importer(815301076,1909f56bfc062723c751e8b465ee728b)  -> (artifact id: '3b80999173964dbefd1bebbadd502fcb') in 0.042949 seconds
  Import took 0.048579 seconds .

========================================================================
Received Import Request.
  Time since last request: 4.740122 seconds.
  path: Assets/_Scenes/FPS.unity
  artifactKey: Guid(c85f29425d5751b4daa7049eb59816de) Importer(815301076,1909f56bfc062723c751e8b465ee728b)
Start importing Assets/_Scenes/FPS.unity using Guid(c85f29425d5751b4daa7049eb59816de) Importer(815301076,1909f56bfc062723c751e8b465ee728b)  -> (artifact id: '65bb1713da367d9d15fc55bd83dcf364') in 0.016168 seconds
  Import took 0.026583 seconds .

========================================================================
Received Import Request.
  Time since last request: 103.795599 seconds.
  path: Assets/FN57/fn57_prefab.prefab
  artifactKey: Guid(86c76b659a09cb046816a6c4ed2188fa) Importer(815301076,1909f56bfc062723c751e8b465ee728b)
Start importing Assets/FN57/fn57_prefab.prefab using Guid(86c76b659a09cb046816a6c4ed2188fa) Importer(815301076,1909f56bfc062723c751e8b465ee728b)  -> (artifact id: '4ae04c72f40e91f9ef07704b0002b70c') in 0.210327 seconds
  Import took 0.226742 seconds .

========================================================================
Received Import Request.
  Time since last request: 0.002638 seconds.
  path: Assets/FN57/fn57_prefab.prefab
  artifactKey: Guid(86c76b659a09cb046816a6c4ed2188fa) Importer(815301076,1909f56bfc062723c751e8b465ee728b)
Start importing Assets/FN57/fn57_prefab.prefab using Guid(86c76b659a09cb046816a6c4ed2188fa) Importer(815301076,1909f56bfc062723c751e8b465ee728b)  -> (artifact id: '4ae04c72f40e91f9ef07704b0002b70c') in 0.043302 seconds
  Import took 0.047715 seconds .

========================================================================
Received Import Request.
  Time since last request: 11.445789 seconds.
  path: Assets/JJ_InteriorDoorPack_V1/Prefabs
  artifactKey: Guid(e8812961c0bc5ce4b9e238cf56196acf) Importer(815301076,1909f56bfc062723c751e8b465ee728b)
Start importing Assets/JJ_InteriorDoorPack_V1/Prefabs using Guid(e8812961c0bc5ce4b9e238cf56196acf) Importer(815301076,1909f56bfc062723c751e8b465ee728b)  -> (artifact id: '2da617c91db0156770daca03fc7370b4') in 0.028277 seconds
  Import took 0.048198 seconds .

========================================================================
Received Import Request.
  Time since last request: 1.466103 seconds.
  path: Assets/JJ_InteriorDoorPack_V1/Prefabs/jj_door_4_dark.prefab
  artifactKey: Guid(db9fb8bf112e6b0458147765e27fc54a) Importer(815301076,1909f56bfc062723c751e8b465ee728b)
Start importing Assets/JJ_InteriorDoorPack_V1/Prefabs/jj_door_4_dark.prefab using Guid(db9fb8bf112e6b0458147765e27fc54a) Importer(815301076,1909f56bfc062723c751e8b465ee728b)  -> (artifact id: '0b7d0ccdff7be97de01c567677bb1d46') in 0.580037 seconds
  Import took 0.603164 seconds .

========================================================================
Received Import Request.
  Time since last request: 0.432203 seconds.
  path: Assets/JJ_InteriorDoorPack_V1/Prefabs/jj_door_2_white_weathered.prefab
  artifactKey: Guid(2eb487a1a7a52574b8137bb81207c94b) Importer(815301076,1909f56bfc062723c751e8b465ee728b)
Start importing Assets/JJ_InteriorDoorPack_V1/Prefabs/jj_door_2_white_weathered.prefab using Guid(2eb487a1a7a52574b8137bb81207c94b) Importer(815301076,1909f56bfc062723c751e8b465ee728b)  -> (artifact id: 'ebee14665e217c5607e4b06af92d36ec') in 0.453440 seconds
  Import took 0.480204 seconds .

========================================================================
Received Import Request.
  Time since last request: 60.560803 seconds.
  path: Assets/JJ_InteriorDoorPack_V1/Prefabs/jj_door_2_white.prefab
  artifactKey: Guid(c77c4716527558745bd33873506541ac) Importer(815301076,1909f56bfc062723c751e8b465ee728b)
Start importing Assets/JJ_InteriorDoorPack_V1/Prefabs/jj_door_2_white.prefab using Guid(c77c4716527558745bd33873506541ac) Importer(815301076,1909f56bfc062723c751e8b465ee728b)  -> (artifact id: '838bed1bb7ce7cb6a36ab569c7191d4b') in 0.306872 seconds
  Import took 0.337850 seconds .

========================================================================
Received Import Request.
  Time since last request: 0.090835 seconds.
  path: Assets/JJ_InteriorDoorPack_V1/Prefabs/jj_door_1_red.prefab
  artifactKey: Guid(a16eae0af83edd24a9e7bdf1d02099e3) Importer(815301076,1909f56bfc062723c751e8b465ee728b)
Start importing Assets/JJ_InteriorDoorPack_V1/Prefabs/jj_door_1_red.prefab using Guid(a16eae0af83edd24a9e7bdf1d02099e3) Importer(815301076,1909f56bfc062723c751e8b465ee728b)  -> (artifact id: '66273b0821a9449c411cb17c1c2b4846') in 0.283925 seconds
  Import took 0.289759 seconds .

========================================================================
Received Import Request.
  Time since last request: 0.000810 seconds.
  path: Assets/JJ_InteriorDoorPack_V1/Prefabs/jj_door_1_red.prefab
  artifactKey: Guid(a16eae0af83edd24a9e7bdf1d02099e3) Importer(815301076,1909f56bfc062723c751e8b465ee728b)
Start importing Assets/JJ_InteriorDoorPack_V1/Prefabs/jj_door_1_red.prefab using Guid(a16eae0af83edd24a9e7bdf1d02099e3) Importer(815301076,1909f56bfc062723c751e8b465ee728b)  -> (artifact id: '66273b0821a9449c411cb17c1c2b4846') in 0.059741 seconds
  Import took 0.064979 seconds .

========================================================================
Received Import Request.
  Time since last request: 0.833495 seconds.
  path: Assets/JJ_InteriorDoorPack_V1/Prefabs/jj_door_4_white.prefab
  artifactKey: Guid(b571015d967a73b4cadb57317d7d0547) Importer(815301076,1909f56bfc062723c751e8b465ee728b)
Start importing Assets/JJ_InteriorDoorPack_V1/Prefabs/jj_door_4_white.prefab using Guid(b571015d967a73b4cadb57317d7d0547) Importer(815301076,1909f56bfc062723c751e8b465ee728b)  -> (artifact id: '25ca82e3747d3e9d252273a40eb95f67') in 0.287663 seconds
  Import took 0.310446 seconds .

========================================================================
Received Import Request.
  Time since last request: 1.257079 seconds.
  path: Assets/JJ_InteriorDoorPack_V1/Prefabs/jj_door_3_white.prefab
  artifactKey: Guid(1bbe2c604601fdb44b9e7eeec90773ef) Importer(815301076,1909f56bfc062723c751e8b465ee728b)
Start importing Assets/JJ_InteriorDoorPack_V1/Prefabs/jj_door_3_white.prefab using Guid(1bbe2c604601fdb44b9e7eeec90773ef) Importer(815301076,1909f56bfc062723c751e8b465ee728b)  -> (artifact id: '12c5e9f68aca26715bd22bf093a3d078') in 0.282010 seconds
  Import took 0.286955 seconds .

========================================================================
Received Import Request.
  Time since last request: 1.962916 seconds.
  path: Assets/JJ_InteriorDoorPack_V1/Prefabs/jj_door_3_white_weathered.prefab
  artifactKey: Guid(5b3cec0012220604d8aa38cd0517048b) Importer(815301076,1909f56bfc062723c751e8b465ee728b)
Start importing Assets/JJ_InteriorDoorPack_V1/Prefabs/jj_door_3_white_weathered.prefab using Guid(5b3cec0012220604d8aa38cd0517048b) Importer(815301076,1909f56bfc062723c751e8b465ee728b)  -> (artifact id: '1848c8db2cf706e9ed955cc3f7eea2b3') in 0.257085 seconds
  Import took 0.267325 seconds .

========================================================================
Received Import Request.
  Time since last request: 0.003189 seconds.
  path: Assets/JJ_InteriorDoorPack_V1/Prefabs/jj_door_3_white_weathered.prefab
  artifactKey: Guid(5b3cec0012220604d8aa38cd0517048b) Importer(815301076,1909f56bfc062723c751e8b465ee728b)
Start importing Assets/JJ_InteriorDoorPack_V1/Prefabs/jj_door_3_white_weathered.prefab using Guid(5b3cec0012220604d8aa38cd0517048b) Importer(815301076,1909f56bfc062723c751e8b465ee728b)  -> (artifact id: '1848c8db2cf706e9ed955cc3f7eea2b3') in 0.049670 seconds
  Import took 0.055769 seconds .

========================================================================
Received Import Request.
  Time since last request: 4.559590 seconds.
  path: Assets/ManNeko_Assets/Adventurer Blake
  artifactKey: Guid(b8286e6e48643a244a7ddaee34dd7f4b) Importer(815301076,1909f56bfc062723c751e8b465ee728b)
Start importing Assets/ManNeko_Assets/Adventurer Blake using Guid(b8286e6e48643a244a7ddaee34dd7f4b) Importer(815301076,1909f56bfc062723c751e8b465ee728b)  -> (artifact id: '0f5bfbbe67ace6ca498655eb5adf3fda') in 0.024220 seconds
  Import took 0.051119 seconds .

========================================================================
Received Import Request.
  Time since last request: 1.161105 seconds.
  path: Assets/ManNeko_Assets/Adventurer Blake/Prefab
  artifactKey: Guid(f8eb48a4375f53645958c5db29d8c136) Importer(815301076,1909f56bfc062723c751e8b465ee728b)
Start importing Assets/ManNeko_Assets/Adventurer Blake/Prefab using Guid(f8eb48a4375f53645958c5db29d8c136) Importer(815301076,1909f56bfc062723c751e8b465ee728b)  -> (artifact id: '061e1ab7f64c30868d8c004df0fae1e4') in 0.021863 seconds
  Import took 0.026188 seconds .

========================================================================
Received Import Request.
  Time since last request: 0.998937 seconds.
  path: Assets/ManNeko_Assets/Adventurer Blake/Prefab/The Adventurer Blake.prefab
  artifactKey: Guid(a32b89e71fbd51d4d9b3d270682a75ce) Importer(815301076,1909f56bfc062723c751e8b465ee728b)
Start importing Assets/ManNeko_Assets/Adventurer Blake/Prefab/The Adventurer Blake.prefab using Guid(a32b89e71fbd51d4d9b3d270682a75ce) Importer(815301076,1909f56bfc062723c751e8b465ee728b)  -> (artifact id: '964030932274771710fa2398a2c25adc') in 0.407950 seconds
  Import took 0.413583 seconds .

========================================================================
Received Prepare
Registering precompiled user dll's ...
Registered in 0.003878 seconds.
Begin MonoManager ReloadAssembly
Native extension for WindowsStandalone target not found
Native extension for WebGL target not found
Refreshing native plugins compatible for Editor in 0.95 ms, found 0 plugins.
Preloading 0 native plugins for Editor in 0.00 ms.
Invoked RoslynAnalysisRunner static constructor.
RoslynAnalysisRunner will not be running.
RoslynAnalysisRunner has terminated.
Mono: successfully reloaded assembly
- Completed reload, in  1.347 seconds
Platform modules already initialized, skipping
Refreshing native plugins compatible for Editor in 0.90 ms, found 0 plugins.
Preloading 0 native plugins for Editor in 0.00 ms.
Unloading 1686 Unused Serialized files (Serialized files now loaded: 0)
System memory in use before: 105.3 MB.
System memory in use after: 104.8 MB.

Unloading 30 unused Assets to reduce memory usage. Loaded Objects now: 2820.
Total: 4.590500 ms (FindLiveObjects: 0.334900 ms CreateObjectMapping: 0.063700 ms MarkObjects: 3.672100 ms  DeleteObjects: 0.518000 ms)

========================================================================
Received Import Request.
  Time since last request: 20.165722 seconds.
  path: Assets/ManNeko_Assets/Adventurer Blake/Sample Scene/Adventurer Black Sample.unity
  artifactKey: Guid(d17176fd64c746d4bab7d1c4f565768a) Importer(815301076,1909f56bfc062723c751e8b465ee728b)
Start importing Assets/ManNeko_Assets/Adventurer Blake/Sample Scene/Adventurer Black Sample.unity using Guid(d17176fd64c746d4bab7d1c4f565768a) Importer(815301076,1909f56bfc062723c751e8b465ee728b)  -> (artifact id: '4a216d72f73925967629efa7e8191313') in 0.038177 seconds
  Import took 0.048002 seconds .

========================================================================
Received Import Request.
  Time since last request: 28.605997 seconds.
  path: Assets/Kiki/Xmas Girl/Demo
  artifactKey: Guid(2dde2ec8c992dc9409289d2a4102f0ff) Importer(815301076,1909f56bfc062723c751e8b465ee728b)
Start importing Assets/Kiki/Xmas Girl/Demo using Guid(2dde2ec8c992dc9409289d2a4102f0ff) Importer(815301076,1909f56bfc062723c751e8b465ee728b)  -> (artifact id: 'c816301ab546bec111a75160d9d4a769') in 0.029669 seconds
  Import took 0.043254 seconds .

========================================================================
Received Import Request.
  Time since last request: 0.738897 seconds.
  path: Assets/Kiki/Xmas Girl/Demo/Demo.unity
  artifactKey: Guid(52ae8c2dea1ec4445bfb6715e13ee9fe) Importer(815301076,1909f56bfc062723c751e8b465ee728b)
Start importing Assets/Kiki/Xmas Girl/Demo/Demo.unity using Guid(52ae8c2dea1ec4445bfb6715e13ee9fe) Importer(815301076,1909f56bfc062723c751e8b465ee728b)  -> (artifact id: '1282a1caa8df003646b9baab893d16ca') in 0.012519 seconds
  Import took 0.017020 seconds .

========================================================================
Received Import Request.
  Time since last request: 36.030570 seconds.
  path: Assets/Kiki/Xmas Girl/Prefabs/Short_Hair.prefab
  artifactKey: Guid(dd83236d7010a834489a4ac263cec909) Importer(815301076,1909f56bfc062723c751e8b465ee728b)
Start importing Assets/Kiki/Xmas Girl/Prefabs/Short_Hair.prefab using Guid(dd83236d7010a834489a4ac263cec909) Importer(815301076,1909f56bfc062723c751e8b465ee728b)  -> (artifact id: 'fe23889faf8c83eeabcc51d0b1a437c0') in 0.092010 seconds
  Import took 0.111660 seconds .

========================================================================
Received Import Request.
  Time since last request: 1.080422 seconds.
  path: Assets/Kiki/Xmas Girl/Prefabs/Kiki-v2.prefab
  artifactKey: Guid(a41ab576c3b016540aed7505ecaf832f) Importer(815301076,1909f56bfc062723c751e8b465ee728b)
Start importing Assets/Kiki/Xmas Girl/Prefabs/Kiki-v2.prefab using Guid(a41ab576c3b016540aed7505ecaf832f) Importer(815301076,1909f56bfc062723c751e8b465ee728b)  -> (artifact id: '8a8f41dd2760d7d54cfc0bce345e52fc') in 0.069897 seconds
  Import took 0.076042 seconds .

========================================================================
Received Import Request.
  Time since last request: 4.168269 seconds.
  path: Assets/Kiki/Xmas Girl/Model/Short_Hair.fbx
  artifactKey: Guid(bea90dcee86b51e478d27a705158c5b7) Importer(815301076,1909f56bfc062723c751e8b465ee728b)
Start importing Assets/Kiki/Xmas Girl/Model/Short_Hair.fbx using Guid(bea90dcee86b51e478d27a705158c5b7) Importer(815301076,1909f56bfc062723c751e8b465ee728b)  -> (artifact id: '33943f2e30b9abbd38d1e07555b6fce8') in 0.107943 seconds
  Import took 0.122040 seconds .

========================================================================
Received Import Request.
  Time since last request: 0.982734 seconds.
  path: Assets/Kiki/Xmas Girl/Model/Run.fbx
  artifactKey: Guid(e4dab7b0444b85d428d7bb8d880dcbc3) Importer(815301076,1909f56bfc062723c751e8b465ee728b)
Start importing Assets/Kiki/Xmas Girl/Model/Run.fbx using Guid(e4dab7b0444b85d428d7bb8d880dcbc3) Importer(815301076,1909f56bfc062723c751e8b465ee728b)  -> (artifact id: 'b7ff51a54436cdea04ff2a2b2f985f27') in 0.030653 seconds
  Import took 0.036205 seconds .

========================================================================
Received Import Request.
  Time since last request: 0.011513 seconds.
  path: Assets/Kiki/Xmas Girl/Model/Run.fbx
  artifactKey: Guid(e4dab7b0444b85d428d7bb8d880dcbc3) Importer(815301076,1909f56bfc062723c751e8b465ee728b)
Start importing Assets/Kiki/Xmas Girl/Model/Run.fbx using Guid(e4dab7b0444b85d428d7bb8d880dcbc3) Importer(815301076,1909f56bfc062723c751e8b465ee728b)  -> (artifact id: 'b7ff51a54436cdea04ff2a2b2f985f27') in 0.024119 seconds
  Import took 0.029780 seconds .

========================================================================
Received Import Request.
  Time since last request: 0.759902 seconds.
  path: Assets/Kiki/Xmas Girl/Model/New Avatar.mask
  artifactKey: Guid(0472d1b2a34423842b83c891a24c8970) Importer(815301076,1909f56bfc062723c751e8b465ee728b)
Start importing Assets/Kiki/Xmas Girl/Model/New Avatar.mask using Guid(0472d1b2a34423842b83c891a24c8970) Importer(815301076,1909f56bfc062723c751e8b465ee728b)  -> (artifact id: 'fce68c52bce8b29fc9c14f2f24a89321') in 0.020432 seconds
  Import took 0.042759 seconds .

========================================================================
Received Import Request.
  Time since last request: 0.634434 seconds.
  path: Assets/Kiki/Xmas Girl/Model/Kiki-v2.fbx
  artifactKey: Guid(4990ae0b2256fe5428e4841ac73d763f) Importer(815301076,1909f56bfc062723c751e8b465ee728b)
Start importing Assets/Kiki/Xmas Girl/Model/Kiki-v2.fbx using Guid(4990ae0b2256fe5428e4841ac73d763f) Importer(815301076,1909f56bfc062723c751e8b465ee728b)  -> (artifact id: '11b0b9b85409e9aefd3d01e28f2fc3da') in 0.131125 seconds
  Import took 0.138753 seconds .

========================================================================
Received Import Request.
  Time since last request: 2.153687 seconds.
  path: Assets/Kiki/Xmas Girl/Model/Idle.fbx
  artifactKey: Guid(b737603d060446b4dac22a99b89b514c) Importer(815301076,1909f56bfc062723c751e8b465ee728b)
Start importing Assets/Kiki/Xmas Girl/Model/Idle.fbx using Guid(b737603d060446b4dac22a99b89b514c) Importer(815301076,1909f56bfc062723c751e8b465ee728b)  -> (artifact id: '9f3758fa5a4cd4f08b85c1b6dc05c039') in 0.028910 seconds
  Import took 0.033435 seconds .

========================================================================
Received Import Request.
  Time since last request: 0.009088 seconds.
  path: Assets/Kiki/Xmas Girl/Model/Idle.fbx
  artifactKey: Guid(b737603d060446b4dac22a99b89b514c) Importer(815301076,1909f56bfc062723c751e8b465ee728b)
Start importing Assets/Kiki/Xmas Girl/Model/Idle.fbx using Guid(b737603d060446b4dac22a99b89b514c) Importer(815301076,1909f56bfc062723c751e8b465ee728b)  -> (artifact id: '9f3758fa5a4cd4f08b85c1b6dc05c039') in 0.022478 seconds
  Import took 0.027376 seconds .

========================================================================
Received Prepare
Registering precompiled user dll's ...
Registered in 0.003801 seconds.
Begin MonoManager ReloadAssembly
Native extension for WindowsStandalone target not found
Native extension for WebGL target not found
Refreshing native plugins compatible for Editor in 1.06 ms, found 0 plugins.
Preloading 0 native plugins for Editor in 0.00 ms.
Invoked RoslynAnalysisRunner static constructor.
RoslynAnalysisRunner will not be running.
RoslynAnalysisRunner has terminated.
Mono: successfully reloaded assembly
- Completed reload, in  1.307 seconds
Platform modules already initialized, skipping
Refreshing native plugins compatible for Editor in 1.16 ms, found 0 plugins.
Preloading 0 native plugins for Editor in 0.00 ms.
Unloading 1684 Unused Serialized files (Serialized files now loaded: 0)
System memory in use before: 107.5 MB.
System memory in use after: 107.4 MB.

Unloading 34 unused Assets to reduce memory usage. Loaded Objects now: 3799.
Total: 3.741800 ms (FindLiveObjects: 0.383000 ms CreateObjectMapping: 0.082400 ms MarkObjects: 3.041300 ms  DeleteObjects: 0.231200 ms)

========================================================================
Received Import Request.
  Time since last request: 41.956492 seconds.
  path: Assets/_3dModels/_Controller_Animations
  artifactKey: Guid(2eb1787f1508e1842a45f179faf406a7) Importer(815301076,1909f56bfc062723c751e8b465ee728b)
Start importing Assets/_3dModels/_Controller_Animations using Guid(2eb1787f1508e1842a45f179faf406a7) Importer(815301076,1909f56bfc062723c751e8b465ee728b)  -> (artifact id: 'aa12a9878df8e28e3f2f60d5d1b25b4c') in 0.016195 seconds
  Import took 0.034651 seconds .

========================================================================
Received Import Request.
  Time since last request: 17.398313 seconds.
  path: Assets/_Controller_Animations/Walk.anim
  artifactKey: Guid(46a1da2bd20de1140bf5006cb99d2f33) Importer(815301076,1909f56bfc062723c751e8b465ee728b)
Start importing Assets/_Controller_Animations/Walk.anim using Guid(46a1da2bd20de1140bf5006cb99d2f33) Importer(815301076,1909f56bfc062723c751e8b465ee728b)  -> (artifact id: '3605ba405dd4c3fe7a366f00de0855f0') in 0.025809 seconds
  Import took 0.031199 seconds .

========================================================================
Received Import Request.
  Time since last request: 0.006658 seconds.
  path: Assets/_Controller_Animations/Walk.anim
  artifactKey: Guid(46a1da2bd20de1140bf5006cb99d2f33) Importer(815301076,1909f56bfc062723c751e8b465ee728b)
Start importing Assets/_Controller_Animations/Walk.anim using Guid(46a1da2bd20de1140bf5006cb99d2f33) Importer(815301076,1909f56bfc062723c751e8b465ee728b)  -> (artifact id: '3605ba405dd4c3fe7a366f00de0855f0') in 0.003990 seconds
  Import took 0.008980 seconds .

========================================================================
Received Import Request.
  Time since last request: 9.591899 seconds.
  path: Assets/_Scenes/char_move_2.unity
  artifactKey: Guid(f3d10de078db45e48afb6d0ec25c6dda) Importer(815301076,1909f56bfc062723c751e8b465ee728b)
Start importing Assets/_Scenes/char_move_2.unity using Guid(f3d10de078db45e48afb6d0ec25c6dda) Importer(815301076,1909f56bfc062723c751e8b465ee728b)  -> (artifact id: 'ddefecca457f35addf78951e9312b190') in 0.009743 seconds
  Import took 0.014391 seconds .

========================================================================
Received Import Request.
  Time since last request: 0.000358 seconds.
  path: Assets/_Scenes/char_move_2.unity
  artifactKey: Guid(f3d10de078db45e48afb6d0ec25c6dda) Importer(815301076,1909f56bfc062723c751e8b465ee728b)
Start importing Assets/_Scenes/char_move_2.unity using Guid(f3d10de078db45e48afb6d0ec25c6dda) Importer(815301076,1909f56bfc062723c751e8b465ee728b)  -> (artifact id: 'ddefecca457f35addf78951e9312b190') in 0.003132 seconds
  Import took 0.008066 seconds .

========================================================================
Received Prepare
Registering precompiled user dll's ...
Registered in 0.003930 seconds.
Begin MonoManager ReloadAssembly
Native extension for WindowsStandalone target not found
Native extension for WebGL target not found
Refreshing native plugins compatible for Editor in 1.68 ms, found 0 plugins.
Preloading 0 native plugins for Editor in 0.00 ms.
Invoked RoslynAnalysisRunner static constructor.
RoslynAnalysisRunner will not be running.
RoslynAnalysisRunner has terminated.
Mono: successfully reloaded assembly
- Completed reload, in  1.395 seconds
Platform modules already initialized, skipping
Refreshing native plugins compatible for Editor in 1.73 ms, found 0 plugins.
Preloading 0 native plugins for Editor in 0.00 ms.
Unloading 1682 Unused Serialized files (Serialized files now loaded: 0)
System memory in use before: 107.3 MB.
System memory in use after: 107.2 MB.

Unloading 34 unused Assets to reduce memory usage. Loaded Objects now: 3802.
Total: 5.360200 ms (FindLiveObjects: 0.584100 ms CreateObjectMapping: 0.344000 ms MarkObjects: 4.178200 ms  DeleteObjects: 0.252400 ms)

========================================================================
Received Prepare
Refreshing native plugins compatible for Editor in 8.24 ms, found 0 plugins.
Preloading 0 native plugins for Editor in 0.00 ms.
Unloading 7 Unused Serialized files (Serialized files now loaded: 0)
System memory in use before: 73.2 MB.
System memory in use after: 73.2 MB.

Unloading 7 unused Assets to reduce memory usage. Loaded Objects now: 3802.
Total: 10.813900 ms (FindLiveObjects: 2.603500 ms CreateObjectMapping: 0.542600 ms MarkObjects: 7.142900 ms  DeleteObjects: 0.523000 ms)

AssetImportWorkerClient::OnTransportError - code=2 error=End of file
